<?xml version="1.0" encoding="UTF-8"?>
<testng-results skipped="0" failed="0" total="1" passed="1">
  <reporter-output>
  </reporter-output>
  <suite name="Suite" duration-ms="41881" started-at="2020-04-23T01:23:03Z" finished-at="2020-04-23T01:23:45Z">
    <groups>
      <group name="cucumber">
        <method signature="AbstractTestNGCucumberTests.feature(cucumber.api.testng.CucumberFeatureWrapper)[pri:0, instance:cucumberOptions.TestRunner@e50a6f6]" name="feature" class="cucumber.api.testng.AbstractTestNGCucumberTests"/>
      </group> <!-- cucumber -->
    </groups>
    <test name="Test" duration-ms="41881" started-at="2020-04-23T01:23:03Z" finished-at="2020-04-23T01:23:45Z">
      <class name="cucumberOptions.TestRunner">
        <test-method status="PASS" signature="setUpClass()[pri:0, instance:cucumberOptions.TestRunner@e50a6f6]" name="setUpClass" is-config="true" duration-ms="234" started-at="2020-04-22T22:23:03Z" finished-at="2020-04-22T22:23:03Z">
          <reporter-output>
          </reporter-output>
        </test-method> <!-- setUpClass -->
        <test-method status="PASS" signature="feature(cucumber.api.testng.CucumberFeatureWrapper)[pri:0, instance:cucumberOptions.TestRunner@e50a6f6]" name="feature" duration-ms="41532" started-at="2020-04-22T22:23:03Z" description="Runs Cucumber Feature" data-provider="features" finished-at="2020-04-22T22:23:45Z">
          <params>
            <param index="0">
              <value>
                <![CDATA[Usuário buscando por médicos.]]>
              </value>
            </param>
          </params>
          <reporter-output>
          </reporter-output>
        </test-method> <!-- feature -->
        <test-method status="PASS" signature="tearDownClass()[pri:0, instance:cucumberOptions.TestRunner@e50a6f6]" name="tearDownClass" is-config="true" duration-ms="13" started-at="2020-04-22T22:23:45Z" finished-at="2020-04-22T22:23:45Z">
          <reporter-output>
          </reporter-output>
        </test-method> <!-- tearDownClass -->
      </class> <!-- cucumberOptions.TestRunner -->
    </test> <!-- Test -->
  </suite> <!-- Suite -->
</testng-results>
